<?xml version="1.0" encoding="UTF-8"?>
<!-- Generated by org.testng.reporters.JUnitReportReporter -->
<testsuite hostname="DESKTOP-DOLH4US" failures="0" tests="1" name="selenium.assignments.SeleniumExercise6to7" time="1.417" errors="0" timestamp="2021-05-16T19:29:28 CST" skipped="0">
  <testcase classname="selenium.assignments.SeleniumExercise6to7" name="exer6to7" time="1.417"/>
  <system-out/>
</testsuite> <!-- selenium.assignments.SeleniumExercise6to7 -->
