<?xml version="1.0" encoding="UTF-8"?>
<!-- Generated by org.testng.reporters.JUnitReportReporter -->
<testsuite hostname="DESKTOP-DOLH4US" failures="0" tests="6" name="selenium.assignments.SeleniumExercise8to9" time="4.967" errors="0" timestamp="2021-05-16T19:29:28 CST" skipped="0">
  <testcase classname="selenium.assignments.SeleniumExercise8to9" name="exerc8to99" time="0.659"/>
  <system-out/>
  <testcase classname="selenium.assignments.SeleniumExercise8to9" name="exerc8to99" time="0.633"/>
  <system-out/>
  <testcase classname="selenium.assignments.SeleniumExercise8to9" name="exerc8to99" time="0.935"/>
  <system-out/>
  <testcase classname="selenium.assignments.SeleniumExercise8to9" name="exerc8to99" time="0.364"/>
  <system-out/>
  <testcase classname="selenium.assignments.SeleniumExercise8to9" name="exerc8to99" time="2.056"/>
  <system-out/>
  <testcase classname="selenium.assignments.SeleniumExercise8to9" name="exerc8to99" time="0.320"/>
  <system-out/>
</testsuite> <!-- selenium.assignments.SeleniumExercise8to9 -->
