<?xml version="1.0" encoding="UTF-8"?>
<!-- Generated by org.testng.reporters.JUnitReportReporter -->
<testsuite hostname="DESKTOP-DOLH4US" failures="0" tests="1" name="selenium.assignments.SeleniumExercise1to5" time="5.280" errors="0" timestamp="2021-05-16T19:29:28 CST" skipped="0">
  <testcase classname="selenium.assignments.SeleniumExercise1to5" name="exer1to5" time="5.280"/>
  <system-out/>
</testsuite> <!-- selenium.assignments.SeleniumExercise1to5 -->
